#
# There is insufficient memory for the Java Runtime Environment to continue.
# Native memory allocation (malloc) failed to allocate 33296 bytes for Chunk::new
# Possible reasons:
#   The system is out of physical RAM or swap space
#   In 32 bit mode, the process size limit was hit
# Possible solutions:
#   Reduce memory load on the system
#   Increase physical memory or swap space
#   Check if swap backing store is full
#   Use 64 bit Java on a 64 bit OS
#   Decrease Java heap size (-Xmx/-Xms)
#   Decrease number of Java threads
#   Decrease Java thread stack sizes (-Xss)
#   Set larger code cache with -XX:ReservedCodeCacheSize=
# This output file may be truncated or incomplete.
#
#  Out of Memory Error (allocation.cpp:390), pid=9096, tid=0x0000000000002520
#
# JRE version: Java(TM) SE Runtime Environment (8.0_171-b11) (build 1.8.0_171-b11)
# Java VM: Java HotSpot(TM) 64-Bit Server VM (25.171-b11 mixed mode windows-amd64 compressed oops)
# Failed to write core dump. Minidumps are not enabled by default on client versions of Windows
#

---------------  T H R E A D  ---------------

Current thread (0x0000000017a8b800):  JavaThread "C2 CompilerThread1" daemon [_thread_in_native, id=9504, stack(0x00000000191d0000,0x00000000192d0000)]

Stack: [0x00000000191d0000,0x00000000192d0000]
[error occurred during error reporting (printing stack bounds), id 0xc0000005]

Native frames: (J=compiled Java code, j=interpreted, Vv=VM code, C=native code)


Current CompileTask:
C2:    737  155       4       java.lang.StringBuilder::append (8 bytes)


---------------  P R O C E S S  ---------------

Java Threads: ( => current thread )
  0x0000000002c5d800 JavaThread "DestroyJavaVM" [_thread_blocked, id=11072, stack(0x0000000002c60000,0x0000000002d60000)]
  0x0000000017ade000 JavaThread "Service Thread" daemon [_thread_blocked, id=3456, stack(0x00000000197d0000,0x00000000198d0000)]
  0x0000000017a8e800 JavaThread "C1 CompilerThread2" daemon [_thread_blocked, id=7644, stack(0x00000000192d0000,0x00000000193d0000)]
=>0x0000000017a8b800 JavaThread "C2 CompilerThread1" daemon [_thread_in_native, id=9504, stack(0x00000000191d0000,0x00000000192d0000)]
  0x0000000017a88800 JavaThread "C2 CompilerThread0" daemon [_thread_blocked, id=6812, stack(0x00000000190d0000,0x00000000191d0000)]
  0x0000000017a86800 JavaThread "Attach Listener" daemon [_thread_blocked, id=10828, stack(0x0000000018fd0000,0x00000000190d0000)]
  0x0000000017a84800 JavaThread "Signal Dispatcher" daemon [_thread_blocked, id=5956, stack(0x0000000018ed0000,0x0000000018fd0000)]
  0x0000000002e5d000 JavaThread "Finalizer" daemon [_thread_blocked, id=8232, stack(0x0000000018ce0000,0x0000000018de0000)]
  0x0000000017a49800 JavaThread "Reference Handler" daemon [_thread_blocked, id=8544, stack(0x0000000018be0000,0x0000000018ce0000)]

Other Threads:
  0x0000000017a48000 VMThread [stack: 0x0000000018ae0000,0x0000000018be0000] [id=6688]
  0x0000000019420000 WatcherThread [stack: 0x00000000198d0000,0x00000000199d0000] [id=4412]

VM state:not at safepoint (normal execution)

VM Mutex/Monitor currently owned by a thread: None

Heap:
 PSYoungGen      total 28672K, used 4448K [0x00000000d5580000, 0x00000000d7580000, 0x0000000100000000)
  eden space 24576K, 18% used [0x00000000d5580000,0x00000000d59d81d8,0x00000000d6d80000)
  from space 4096K, 0% used [0x00000000d7180000,0x00000000d7180000,0x00000000d7580000)
  to   space 4096K, 0% used [0x00000000d6d80000,0x00000000d6d80000,0x00000000d7180000)
 ParOldGen       total 65536K, used 0K [0x0000000080000000, 0x0000000084000000, 0x00000000d5580000)
  object space 65536K, 0% used [0x0000000080000000,0x0000000080000000,0x0000000084000000)
 Metaspace       used 3673K, capacity 4604K, committed 4864K, reserved 1056768K
  class space    used 405K, capacity 428K, committed 512K, reserved 1048576K

Card table byte_map: [0x0000000012220000,0x0000000012630000] byte_map_base: 0x0000000011e20000

Marking Bits: (ParMarkBitMap*) 0x00000000527f08c0
 Begin Bits: [0x0000000012ce0000, 0x0000000014ce0000)
 End Bits:   [0x0000000014ce0000, 0x0000000016ce0000)

Polling page: 0x0000000000ed0000

CodeCache: size=245760Kb used=1496Kb max_used=1496Kb free=244263Kb
 bounds [0x0000000002e60000, 0x00000000030d0000, 0x0000000011e60000]
 total_blobs=437 nmethods=169 adapters=181
 compilation: enabled

Compilation events (10 events):
Event: 0.533 Thread 0x0000000017a8b800  155       4       java.lang.StringBuilder::append (8 bytes)
Event: 0.536 Thread 0x0000000017a8e800 nmethod 153 0x0000000002fba750 code [0x0000000002fbac60, 0x0000000002fbe588]
Event: 0.536 Thread 0x0000000017a8e800  156       3       java.util.jar.Manifest$FastInputStream::readLine (167 bytes)
Event: 0.536 Thread 0x0000000017a8e800 nmethod 156 0x0000000002fb8ad0 code [0x0000000002fb8c80, 0x0000000002fb9238]
Event: 0.536 Thread 0x0000000017a8e800  157   !   3       java.net.URL::<init> (543 bytes)
Event: 0.539 Thread 0x0000000017a8e800 nmethod 157 0x0000000002fc08d0 code [0x0000000002fc0d80, 0x0000000002fc3e08]
Event: 0.539 Thread 0x0000000017a8e800  158       3       java.lang.String::regionMatches (149 bytes)
Event: 0.540 Thread 0x0000000017a8e800 nmethod 158 0x0000000002fc61d0 code [0x0000000002fc6420, 0x0000000002fc70d8]
Event: 0.540 Thread 0x0000000017a8e800  159       3       java.util.Stack::empty (13 bytes)
Event: 0.540 Thread 0x0000000017a8e800 nmethod 159 0x0000000002fb84d0 code [0x0000000002fb8640, 0x0000000002fb8a10]

GC Heap History (0 events):
No events

Deoptimization events (0 events):
No events

Classes redefined (0 events):
No events

Internal exceptions (10 events):
Event: 0.205 Thread 0x0000000002c5d800 Exception <a 'java/security/PrivilegedActionException'> (0x00000000d577dc18) thrown at [C:\re\workspace\8-2-build-windows-amd64-cygwin\jdk8u171\10807\hotspot\src\share\vm\prims\jvm.cpp, line 1435]
Event: 0.205 Thread 0x0000000002c5d800 Exception <a 'java/security/PrivilegedActionException'> (0x00000000d577de28) thrown at [C:\re\workspace\8-2-build-windows-amd64-cygwin\jdk8u171\10807\hotspot\src\share\vm\prims\jvm.cpp, line 1435]
Event: 0.484 Thread 0x0000000002c5d800 Exception <a 'java/security/PrivilegedActionException'> (0x00000000d583eb08) thrown at [C:\re\workspace\8-2-build-windows-amd64-cygwin\jdk8u171\10807\hotspot\src\share\vm\prims\jvm.cpp, line 1435]
Event: 0.484 Thread 0x0000000002c5d800 Exception <a 'java/security/PrivilegedActionException'> (0x00000000d583ed18) thrown at [C:\re\workspace\8-2-build-windows-amd64-cygwin\jdk8u171\10807\hotspot\src\share\vm\prims\jvm.cpp, line 1435]
Event: 0.485 Thread 0x0000000002c5d800 Exception <a 'java/security/PrivilegedActionException'> (0x00000000d584cb08) thrown at [C:\re\workspace\8-2-build-windows-amd64-cygwin\jdk8u171\10807\hotspot\src\share\vm\prims\jvm.cpp, line 1435]
Event: 0.485 Thread 0x0000000002c5d800 Exception <a 'java/security/PrivilegedActionException'> (0x00000000d584cd18) thrown at [C:\re\workspace\8-2-build-windows-amd64-cygwin\jdk8u171\10807\hotspot\src\share\vm\prims\jvm.cpp, line 1435]
Event: 0.485 Thread 0x0000000002c5d800 Exception <a 'java/security/PrivilegedActionException'> (0x00000000d584fbb8) thrown at [C:\re\workspace\8-2-build-windows-amd64-cygwin\jdk8u171\10807\hotspot\src\share\vm\prims\jvm.cpp, line 1435]
Event: 0.485 Thread 0x0000000002c5d800 Exception <a 'java/security/PrivilegedActionException'> (0x00000000d584fdc8) thrown at [C:\re\workspace\8-2-build-windows-amd64-cygwin\jdk8u171\10807\hotspot\src\share\vm\prims\jvm.cpp, line 1435]
Event: 0.526 Thread 0x0000000002c5d800 Exception <a 'java/security/PrivilegedActionException'> (0x00000000d5865d18) thrown at [C:\re\workspace\8-2-build-windows-amd64-cygwin\jdk8u171\10807\hotspot\src\share\vm\prims\jvm.cpp, line 1435]
Event: 0.526 Thread 0x0000000002c5d800 Exception <a 'java/security/PrivilegedActionException'> (0x00000000d5865f28) thrown at [C:\re\workspace\8-2-build-windows-amd64-cygwin\jdk8u171\10807\hotspot\src\share\vm\prims\jvm.cpp, line 1435]

Events (10 events):
Event: 0.318 loading class sun/net/www/protocol/jar/URLJarFile$URLJarFileCloseController done
Event: 0.318 loading class sun/net/www/protocol/jar/JarFileFactory done
Event: 0.318 loading class sun/net/www/protocol/jar/URLJarFile
Event: 0.319 loading class sun/net/www/protocol/jar/URLJarFile done
Event: 0.319 loading class sun/net/www/protocol/jar/URLJarFile$URLJarFileEntry
Event: 0.319 loading class sun/net/www/protocol/jar/URLJarFile$URLJarFileEntry done
Event: 0.319 loading class sun/net/www/protocol/jar/JarURLConnection$JarURLInputStream
Event: 0.319 loading class sun/net/www/protocol/jar/JarURLConnection$JarURLInputStream done
Event: 0.470 loading class com/android/sdkmanager/Main
Event: 0.470 loading class com/android/sdkmanager/Main done


Dynamic libraries:
0x00007ff756680000 - 0x00007ff7566b7000 	C:\Program Files\Java\jdk1.8.0_171\bin\java.exe
0x00007ffe56610000 - 0x00007ffe567e1000 	C:\Windows\SYSTEM32\ntdll.dll
0x00007ffe544c0000 - 0x00007ffe5456c000 	C:\Windows\System32\KERNEL32.DLL
0x00007ffe53760000 - 0x00007ffe5397d000 	C:\Windows\System32\KERNELBASE.dll
0x00007ffe53d40000 - 0x00007ffe53de2000 	C:\Windows\System32\ADVAPI32.dll
0x00007ffe53df0000 - 0x00007ffe53e8e000 	C:\Windows\System32\msvcrt.dll
0x00007ffe53ca0000 - 0x00007ffe53cf9000 	C:\Windows\System32\sechost.dll
0x00007ffe54360000 - 0x00007ffe54481000 	C:\Windows\System32\RPCRT4.dll
0x00007ffe54f70000 - 0x00007ffe550d5000 	C:\Windows\System32\USER32.dll
0x00007ffe53980000 - 0x00007ffe5399e000 	C:\Windows\System32\win32u.dll
0x00007ffe53d00000 - 0x00007ffe53d34000 	C:\Windows\System32\GDI32.dll
0x00007ffe534b0000 - 0x00007ffe53631000 	C:\Windows\System32\gdi32full.dll
0x00007ffe4d0c0000 - 0x00007ffe4d33a000 	C:\Windows\WinSxS\amd64_microsoft.windows.common-controls_6595b64144ccf1df_6.0.14393.2273_none_7de240fc83403786\COMCTL32.dll
0x00007ffe54ca0000 - 0x00007ffe54f68000 	C:\Windows\System32\combase.dll
0x00007ffe53aa0000 - 0x00007ffe53b95000 	C:\Windows\System32\ucrtbase.dll
0x00007ffe53640000 - 0x00007ffe536aa000 	C:\Windows\System32\bcryptPrimitives.dll
0x00007ffe54490000 - 0x00007ffe544be000 	C:\Windows\System32\IMM32.DLL
0x00007ffe52970000 - 0x00007ffe529a7000 	C:\Windows\system32\DriverStore\FileRepository\nvami.inf_amd64_d5fc647520664d82\nvinitx.dll
0x00007ffe52960000 - 0x00007ffe5296a000 	C:\Windows\SYSTEM32\VERSION.dll
0x00007ffe550e0000 - 0x00007ffe565e5000 	C:\Windows\System32\Shell32.dll
0x00007ffe52b00000 - 0x00007ffe52b42000 	C:\Windows\System32\cfgmgr32.dll
0x00007ffe52dd0000 - 0x00007ffe534a9000 	C:\Windows\System32\windows.storage.dll
0x00007ffe52a70000 - 0x00007ffe52abc000 	C:\Windows\System32\powrprof.dll
0x00007ffe54570000 - 0x00007ffe545c2000 	C:\Windows\System32\shlwapi.dll
0x00007ffe52ac0000 - 0x00007ffe52acf000 	C:\Windows\System32\kernel.appcore.dll
0x00007ffe52b50000 - 0x00007ffe52bf9000 	C:\Windows\System32\shcore.dll
0x00007ffe52ae0000 - 0x00007ffe52af4000 	C:\Windows\System32\profapi.dll
0x0000000053140000 - 0x0000000053146000 	C:\Program Files\NVIDIA Corporation\CoProcManager\_etoured.dll
0x00007ffe3fbe0000 - 0x00007ffe3fc24000 	C:\Program Files\NVIDIA Corporation\CoProcManager\nvd3d9wrapx.dll
0x00007ffe54810000 - 0x00007ffe54c39000 	C:\Windows\System32\SETUPAPI.dll
0x00007ffe42400000 - 0x00007ffe4242e000 	C:\Program Files\NVIDIA Corporation\CoProcManager\nvdxgiwrapx.dll
0x0000000052bc0000 - 0x0000000052c92000 	C:\Program Files\Java\jdk1.8.0_171\jre\bin\msvcr100.dll
0x0000000051fd0000 - 0x0000000052870000 	C:\Program Files\Java\jdk1.8.0_171\jre\bin\server\jvm.dll
0x00007ffe54710000 - 0x00007ffe54718000 	C:\Windows\System32\PSAPI.DLL
0x00007ffe507c0000 - 0x00007ffe507e3000 	C:\Windows\SYSTEM32\WINMM.dll
0x00007ffe4d620000 - 0x00007ffe4d629000 	C:\Windows\SYSTEM32\WSOCK32.dll
0x00007ffe54790000 - 0x00007ffe547fa000 	C:\Windows\System32\WS2_32.dll
0x00007ffe50790000 - 0x00007ffe507bb000 	C:\Windows\SYSTEM32\WINMMBASE.dll
0x0000000052bb0000 - 0x0000000052bbf000 	C:\Program Files\Java\jdk1.8.0_171\jre\bin\verify.dll
0x0000000052b80000 - 0x0000000052ba9000 	C:\Program Files\Java\jdk1.8.0_171\jre\bin\java.dll
0x0000000052b60000 - 0x0000000052b76000 	C:\Program Files\Java\jdk1.8.0_171\jre\bin\zip.dll
0x00007ffe524f0000 - 0x00007ffe52507000 	C:\Windows\SYSTEM32\CRYPTSP.dll
0x00007ffe51f50000 - 0x00007ffe51f83000 	C:\Windows\system32\rsaenh.dll
0x00007ffe529b0000 - 0x00007ffe529db000 	C:\Windows\SYSTEM32\bcrypt.dll
0x00007ffe521d0000 - 0x00007ffe521ef000 	C:\Windows\SYSTEM32\USERENV.dll
0x00007ffe52510000 - 0x00007ffe5251b000 	C:\Windows\SYSTEM32\CRYPTBASE.dll
0x0000000052b40000 - 0x0000000052b5a000 	C:\Program Files\Java\jdk1.8.0_171\jre\bin\net.dll
0x00007ffe52350000 - 0x00007ffe523ac000 	C:\Windows\system32\mswsock.dll
0x00007ffe520d0000 - 0x00007ffe52108000 	C:\Windows\SYSTEM32\IPHLPAPI.DLL
0x00007ffe53e90000 - 0x00007ffe53e98000 	C:\Windows\System32\NSI.dll
0x00007ffe4ff10000 - 0x00007ffe4ff26000 	C:\Windows\SYSTEM32\dhcpcsvc6.DLL
0x00007ffe4ff70000 - 0x00007ffe4ff8a000 	C:\Windows\SYSTEM32\dhcpcsvc.DLL
0x0000000052b20000 - 0x0000000052b31000 	C:\Program Files\Java\jdk1.8.0_171\jre\bin\nio.dll

VM Arguments:
jvm_args: -Xmx2048M -Dcom.android.sdkmanager.toolsdir=D:\Programs\android sdk\tools -Dfile.encoding=UTF8 
java_command: D:\Programs\2018.1.6f1\Editor\Data\PlaybackEngines\AndroidPlayer/Tools\sdktools.jar -
java_class_path (initial): D:\Programs\2018.1.6f1\Editor\Data\PlaybackEngines\AndroidPlayer/Tools\sdktools.jar
Launcher Type: SUN_STANDARD

Environment Variables:
PATH=C:\Program Files (x86)\Common Files\Oracle\Java\javapath;C:\ProgramData\Oracle\Java\javapath;C:\Windows\system32;C:\Windows;C:\Windows\System32\Wbem;C:\Windows\System32\WindowsPowerShell\v1.0\;C:\Program Files (x86)\Skype\Phone\;C:\Program Files (x86)\NVIDIA Corporation\PhysX\Common;C:\Program Files\dotnet\;C:\Program Files\Microsoft SQL Server\130\Tools\Binn\;C:\Program Files\PuTTY\;C:\Program Files\Git\cmd;C:\Users\Panda\AppData\Local\Microsoft\WindowsApps;C:\Users\Panda\AppData\Local\Programs\Fiddler;C:\Users\Panda\AppData\Local\Google\Cloud SDK\google-cloud-sdk\bin
USERNAME=Panda
OS=Windows_NT
PROCESSOR_IDENTIFIER=Intel64 Family 6 Model 42 Stepping 7, GenuineIntel



---------------  S Y S T E M  ---------------

OS: Windows 10.0 , 64 bit Build 14393 (10.0.14393.2214)

CPU:total 4 (initial active 4) (2 cores per cpu, 2 threads per core) family 6 model 42 stepping 7, cmov, cx8, fxsr, mmx, sse, sse2, sse3, ssse3, sse4.1, sse4.2, popcnt, avx, clmul, ht, tsc, tscinvbit

Memory: 4k page, physical 6193200k(1160220k free), swap 7214876k(1020k free)

vm_info: Java HotSpot(TM) 64-Bit Server VM (25.171-b11) for windows-amd64 JRE (1.8.0_171-b11), built on Mar 28 2018 16:06:12 by "java_re" with MS VC++ 10.0 (VS2010)

time: Wed Jul 11 22:51:50 2018
elapsed time: 0 seconds (0d 0h 0m 0s)

